[nltk_data] Error loading punkt: <urlopen error [WinError 10061] No
[nltk_data]     connection could be made because the target machine
[nltk_data]     actively refused it>
[nltk_data] Error loading punkt_tab: <urlopen error [WinError 10061]
[nltk_data]     No connection could be made because the target machine
[nltk_data]     actively refused it>
[28/Mar/2026 21:05:45] "GET /api/jobs/ HTTP/1.1" 404 179
[28/Mar/2026 21:05:49] "OPTIONS /api/attrition/run/ HTTP/1.1" 200 0
[28/Mar/2026 21:05:51] "GET /api/jobs/ HTTP/1.1" 404 179
[28/Mar/2026 21:05:52] "GET /api/jobs/ HTTP/1.1" 404 179
[28/Mar/2026 21:05:53,824] - Broken pipe from ('127.0.0.1', 61566)
[28/Mar/2026 21:06:20] "GET / HTTP/1.1" 404 179
[28/Mar/2026 21:06:20,946] - Broken pipe from ('127.0.0.1', 58701)
[28/Mar/2026 21:06:47] "GET /favicon.ico HTTP/1.1" 404 179
[28/Mar/2026 21:06:49] "GET /api/feedback/forms/?employee_id=emp_001 HTTP/1.1" 500 145
[28/Mar/2026 21:06:50] "GET /api/jobs/ HTTP/1.1" 404 179
[28/Mar/2026 21:06:50] "GET /api/jobs/ HTTP/1.1" 404 179
[28/Mar/2026 21:06:50] "GET /api/feedback/forms/?employee_id=emp_001 HTTP/1.1" 500 145
[28/Mar/2026 21:06:53] "GET /api/feedback/forms/?employee_id=emp_001 HTTP/1.1" 500 145
[28/Mar/2026 21:06:53] "GET /api/jobs/ HTTP/1.1" 404 179
[28/Mar/2026 21:06:53] "GET /api/jobs/ HTTP/1.1" 404 179
[28/Mar/2026 21:06:54] "GET /api/feedback/forms/?employee_id=emp_001 HTTP/1.1" 500 145
[28/Mar/2026 21:06:56] "GET /api/feedback/forms/?employee_id=emp_001 HTTP/1.1" 500 145
[28/Mar/2026 21:06:57] "GET /api/feedback/forms/?employee_id=emp_001 HTTP/1.1" 500 145
[28/Mar/2026 21:06:59] "GET /api/feedback/hr/forms/ HTTP/1.1" 500 145
[28/Mar/2026 21:07:00] "GET /api/feedback/hr/forms/ HTTP/1.1" 500 145
[28/Mar/2026 21:07:13] "GET /api/feedback/forms/?employee_id=emp_001 HTTP/1.1" 500 145
[28/Mar/2026 21:07:14] "GET /api/feedback/forms/?employee_id=emp_001 HTTP/1.1" 500 145
[28/Mar/2026 21:07:17] "GET / HTTP/1.1" 404 179
[28/Mar/2026 21:08:09] "GET /api/feedback/forms/?employee_id=emp_001 HTTP/1.1" 500 145
[28/Mar/2026 21:08:09,050] - Broken pipe from ('127.0.0.1', 62794)
[28/Mar/2026 21:08:10] "GET /api/recruitment/jobs/ HTTP/1.1" 500 145
[28/Mar/2026 21:08:10,530] - Broken pipe from ('127.0.0.1', 62793)
[28/Mar/2026 21:08:50] "GET /api/feedback/forms/?employee_id=emp_001 HTTP/1.1" 500 145
[28/Mar/2026 21:08:50,337] - Broken pipe from ('127.0.0.1', 53194)
[28/Mar/2026 21:08:51] "GET /api/recruitment/jobs/ HTTP/1.1" 500 145
[28/Mar/2026 21:08:51,820] - Broken pipe from ('127.0.0.1', 53195)
[28/Mar/2026 21:11:07] "GET / HTTP/1.1" 404 179
[28/Mar/2026 21:11:07,653] - Broken pipe from ('127.0.0.1', 56484)
